[2023-03-02 01:07:26 - INFO  ]  ======================================================
[2023-03-02 01:07:26 - INFO  ]  CONFIGURATION
[2023-03-02 01:07:26 - INFO  ]  ======================================================
[2023-03-02 01:07:26 - INFO  ]  dlv                  : dlv.x86-64-linux-elf-static.bin
[2023-03-02 01:07:26 - INFO  ]  max_branching_factor : 5
[2023-03-02 01:07:26 - INFO  ]  max_tree_depth       : 5
[2023-03-02 01:07:26 - INFO  ]  max_tree_size        : 26
[2023-03-02 01:07:26 - INFO  ]  negative_facts       : False
[2023-03-02 01:07:26 - INFO  ]  num_samples          : 10
[2023-03-02 01:07:26 - INFO  ]  output_dir           : ./out
[2023-03-02 01:07:26 - INFO  ]  quiet                : False
[2023-03-02 01:07:26 - INFO  ]  seed                 : 16191
[2023-03-02 01:07:26 - INFO  ]  stop_prob            : 0.0
[2023-03-02 01:07:26 - INFO  ]  ======================================================
[2023-03-02 01:07:26 - INFO  ]  
[2023-03-02 01:07:26 - INFO  ]  creating sample #0: sampling family tree OK (0.000s) | computing inferences OK (0.143s) | writing to disk OK (0.396s) | finished in 0.553s
[2023-03-02 01:07:26 - INFO  ]  creating sample #1: sampling family tree OK (0.000s) | computing inferences OK (0.133s) | writing to disk OK (0.364s) | finished in 0.509s
[2023-03-02 01:07:27 - INFO  ]  creating sample #2: sampling family tree OK (0.000s) | computing inferences OK (0.151s) | writing to disk OK (0.350s) | finished in 0.513s
[2023-03-02 01:07:27 - INFO  ]  creating sample #3: sampling family tree OK (0.000s) | computing inferences OK (0.158s) | writing to disk OK (0.360s) | finished in 0.530s
[2023-03-02 01:07:28 - INFO  ]  creating sample #4: sampling family tree OK (0.000s) | computing inferences OK (0.145s) | writing to disk OK (0.353s) | finished in 0.512s
[2023-03-02 01:07:28 - INFO  ]  creating sample #5: sampling family tree OK (0.001s) | computing inferences OK (0.144s) | writing to disk OK (0.357s) | finished in 0.513s
[2023-03-02 01:07:29 - INFO  ]  creating sample #6: sampling family tree OK (0.001s) | computing inferences OK (0.159s) | writing to disk OK (0.367s) | finished in 0.537s
[2023-03-02 01:07:30 - INFO  ]  creating sample #7: sampling family tree OK (0.001s) | computing inferences OK (0.157s) | writing to disk OK (0.353s) | finished in 0.523s
[2023-03-02 01:07:30 - INFO  ]  creating sample #8: sampling family tree OK (0.001s) | computing inferences OK (0.155s) | writing to disk OK (0.358s) | finished in 0.526s
[2023-03-02 01:07:31 - INFO  ]  creating sample #9: sampling family tree OK (0.001s) | computing inferences OK (0.166s) | writing to disk OK (0.395s) | finished in 0.577s
[2023-03-02 01:07:31 - INFO  ]  
[2023-03-02 01:07:31 - INFO  ]  DISTRIBUTION OF FAMILY TREE SIZES
[2023-03-02 01:07:31 - INFO  ]  
[2023-03-02 01:07:31 - INFO  ]   1 size=02  0                                         
[2023-03-02 01:07:31 - INFO  ]   2 size=03  0                                         
[2023-03-02 01:07:31 - INFO  ]   3 size=04  0                                         
[2023-03-02 01:07:31 - INFO  ]   4 size=05  0                                         
[2023-03-02 01:07:31 - INFO  ]   5 size=06  0                                         
[2023-03-02 01:07:31 - INFO  ]   6 size=07  0                                         
[2023-03-02 01:07:31 - INFO  ]   7 size=08  0                                         
[2023-03-02 01:07:31 - INFO  ]   8 size=09  0                                         
[2023-03-02 01:07:31 - INFO  ]   9 size=10  0                                         
[2023-03-02 01:07:31 - INFO  ]  10 size=11  0                                         
[2023-03-02 01:07:31 - INFO  ]  11 size=12  0                                         
[2023-03-02 01:07:31 - INFO  ]  12 size=13  0                                         
[2023-03-02 01:07:31 - INFO  ]  13 size=14  0                                         
[2023-03-02 01:07:31 - INFO  ]  14 size=15  0                                         
[2023-03-02 01:07:31 - INFO  ]  15 size=16  0                                         
[2023-03-02 01:07:31 - INFO  ]  16 size=17  0                                         
[2023-03-02 01:07:31 - INFO  ]  17 size=18  0                                         
[2023-03-02 01:07:31 - INFO  ]  18 size=19  0                                         
[2023-03-02 01:07:31 - INFO  ]  19 size=20  0                                         
[2023-03-02 01:07:31 - INFO  ]  20 size=21  0                                         
[2023-03-02 01:07:31 - INFO  ]  21 size=22  0                                         
[2023-03-02 01:07:31 - INFO  ]  22 size=23  0                                         
[2023-03-02 01:07:31 - INFO  ]  23 size=24  0                                         
[2023-03-02 01:07:31 - INFO  ]  24 size=25  0                                         
[2023-03-02 01:07:31 - INFO  ]  25 size=26  8 ||||||||||||||||||||||||||||||||||||||||
[2023-03-02 01:07:31 - INFO  ]  26 size=27  2 ||||||||||                              
[2023-03-02 01:07:31 - INFO  ]  
[2023-03-02 01:07:31 - INFO  ]  DISTRIBUTION OF TOTAL NUMBER OF RELATIONS PER SAMPLE
[2023-03-02 01:07:31 - INFO  ]  
[2023-03-02 01:07:31 - INFO  ]   1 #relations=00  0                                         
[2023-03-02 01:07:31 - INFO  ]   2 #relations=01  0                                         
[2023-03-02 01:07:31 - INFO  ]   3 #relations=02  0                                         
[2023-03-02 01:07:31 - INFO  ]   4 #relations=03  0                                         
[2023-03-02 01:07:31 - INFO  ]   5 #relations=04  0                                         
[2023-03-02 01:07:31 - INFO  ]   6 #relations=05  0                                         
[2023-03-02 01:07:31 - INFO  ]   7 #relations=06  0                                         
[2023-03-02 01:07:31 - INFO  ]   8 #relations=07  0                                         
[2023-03-02 01:07:31 - INFO  ]   9 #relations=08  0                                         
[2023-03-02 01:07:31 - INFO  ]  10 #relations=09  0                                         
[2023-03-02 01:07:31 - INFO  ]  11 #relations=10  0                                         
[2023-03-02 01:07:31 - INFO  ]  12 #relations=11  0                                         
[2023-03-02 01:07:31 - INFO  ]  13 #relations=12  0                                         
[2023-03-02 01:07:31 - INFO  ]  14 #relations=13  0                                         
[2023-03-02 01:07:31 - INFO  ]  15 #relations=14  0                                         
[2023-03-02 01:07:31 - INFO  ]  16 #relations=15  0                                         
[2023-03-02 01:07:31 - INFO  ]  17 #relations=16  0                                         
[2023-03-02 01:07:31 - INFO  ]  18 #relations=17  0                                         
[2023-03-02 01:07:31 - INFO  ]  19 #relations=18  0                                         
[2023-03-02 01:07:31 - INFO  ]  20 #relations=19  0                                         
[2023-03-02 01:07:31 - INFO  ]  21 #relations=20  0                                         
[2023-03-02 01:07:31 - INFO  ]  22 #relations=21  0                                         
[2023-03-02 01:07:31 - INFO  ]  23 #relations=22  0                                         
[2023-03-02 01:07:31 - INFO  ]  24 #relations=23  0                                         
[2023-03-02 01:07:31 - INFO  ]  25 #relations=24  0                                         
[2023-03-02 01:07:31 - INFO  ]  26 #relations=25  0                                         
[2023-03-02 01:07:31 - INFO  ]  27 #relations=26  0                                         
[2023-03-02 01:07:31 - INFO  ]  28 #relations=27  0                                         
[2023-03-02 01:07:31 - INFO  ]  29 #relations=28  0                                         
[2023-03-02 01:07:31 - INFO  ]  30 #relations=29  0                                         
[2023-03-02 01:07:31 - INFO  ]  31 #relations=30  1 |||||||                                 
[2023-03-02 01:07:31 - INFO  ]  32 #relations=31  0                                         
[2023-03-02 01:07:31 - INFO  ]  33 #relations=32  6 ||||||||||||||||||||||||||||||||||||||||
[2023-03-02 01:07:31 - INFO  ]  34 #relations=33  0                                         
[2023-03-02 01:07:31 - INFO  ]  35 #relations=34  1 |||||||                                 
[2023-03-02 01:07:31 - INFO  ]  36 #relations=35  0                                         
[2023-03-02 01:07:31 - INFO  ]  37 #relations=36  1 |||||||                                 
[2023-03-02 01:07:31 - INFO  ]  38 #relations=37  0                                         
[2023-03-02 01:07:31 - INFO  ]  39 #relations=38  1 |||||||                                 
[2023-03-02 01:07:31 - INFO  ]  
[2023-03-02 01:07:31 - INFO  ]  INFERABLE RELATIONS
[2023-03-02 01:07:31 - INFO  ]  
[2023-03-02 01:07:31 - INFO  ]   1 auntOf                        109 +---------------------------------------- 6757
[2023-03-02 01:07:31 - INFO  ]   2 boyCousinOf                    76 +---------------------------------------- 6790
[2023-03-02 01:07:31 - INFO  ]   3 boyFirstCousinOnceRemovedOf    43 +---------------------------------------- 6823
[2023-03-02 01:07:31 - INFO  ]   4 boySecondCousinOf              41 +---------------------------------------- 6825
[2023-03-02 01:07:31 - INFO  ]   5 brotherOf                     129 +---------------------------------------- 6737
[2023-03-02 01:07:31 - INFO  ]   6 daughterOf                    164 +---------------------------------------- 6702
[2023-03-02 01:07:31 - INFO  ]   7 fatherOf                      165 +---------------------------------------- 6701
[2023-03-02 01:07:31 - INFO  ]   8 girlCousinOf                   66 +---------------------------------------- 6800
[2023-03-02 01:07:31 - INFO  ]   9 girlFirstCousinOnceRemovedOf   58 +---------------------------------------- 6808
[2023-03-02 01:07:31 - INFO  ]  10 girlSecondCousinOf             49 +---------------------------------------- 6817
[2023-03-02 01:07:31 - INFO  ]  11 granddaughterOf               148 +---------------------------------------- 6718
[2023-03-02 01:07:31 - INFO  ]  12 grandfatherOf                 153 +---------------------------------------- 6713
[2023-03-02 01:07:31 - INFO  ]  13 grandmotherOf                 153 +---------------------------------------- 6713
[2023-03-02 01:07:31 - INFO  ]  14 grandsonOf                    158 +---------------------------------------- 6708
[2023-03-02 01:07:31 - INFO  ]  15 greatAuntOf                    70 +---------------------------------------- 6796
[2023-03-02 01:07:31 - INFO  ]  16 greatGranddaughterOf          122 +---------------------------------------- 6744
[2023-03-02 01:07:31 - INFO  ]  17 greatGrandfatherOf            117 +---------------------------------------- 6749
[2023-03-02 01:07:31 - INFO  ]  18 greatGrandmotherOf            117 +---------------------------------------- 6749
[2023-03-02 01:07:31 - INFO  ]  19 greatGrandsonOf               112 +---------------------------------------- 6754
[2023-03-02 01:07:31 - INFO  ]  20 greatUncleOf                   64 +---------------------------------------- 6802
[2023-03-02 01:07:31 - INFO  ]  21 motherOf                      165 +---------------------------------------- 6701
[2023-03-02 01:07:31 - INFO  ]  22 nephewOf                      113 +---------------------------------------- 6753
[2023-03-02 01:07:31 - INFO  ]  23 nieceOf                        97 +---------------------------------------- 6769
[2023-03-02 01:07:31 - INFO  ]  24 parentOf                        0  ---------------------------------------  6536
[2023-03-02 01:07:31 - INFO  ]  25 secondAuntOf                   38 +---------------------------------------- 6828
[2023-03-02 01:07:31 - INFO  ]  26 secondUncleOf                  63 +---------------------------------------- 6803
[2023-03-02 01:07:31 - INFO  ]  27 sisterOf                      115 +---------------------------------------- 6751
[2023-03-02 01:07:31 - INFO  ]  28 sonOf                         166 +---------------------------------------- 6700
[2023-03-02 01:07:31 - INFO  ]  29 uncleOf                       101 +---------------------------------------- 6765
[2023-03-02 01:07:31 - INFO  ]  
[2023-03-02 01:07:31 - INFO  ]  DISTRIBUTION OF POSITIVE RELATION INFERENCES
[2023-03-02 01:07:31 - INFO  ]  
[2023-03-02 01:07:31 - INFO  ]   1 auntOf                        109 |||||||||||||||||||||||||||             
[2023-03-02 01:07:31 - INFO  ]   2 boyCousinOf                    76 |||||||||||||||||||                     
[2023-03-02 01:07:31 - INFO  ]   3 boyFirstCousinOnceRemovedOf    43 |||||||||||                             
[2023-03-02 01:07:31 - INFO  ]   4 boySecondCousinOf              41 ||||||||||                              
[2023-03-02 01:07:31 - INFO  ]   5 brotherOf                     129 ||||||||||||||||||||||||||||||||        
[2023-03-02 01:07:31 - INFO  ]   6 daughterOf                    164 ||||||||||||||||||||||||||||||||||||||||
[2023-03-02 01:07:31 - INFO  ]   7 fatherOf                      165 ||||||||||||||||||||||||||||||||||||||||
[2023-03-02 01:07:31 - INFO  ]   8 girlCousinOf                   66 ||||||||||||||||                        
[2023-03-02 01:07:31 - INFO  ]   9 girlFirstCousinOnceRemovedOf   58 ||||||||||||||                          
[2023-03-02 01:07:31 - INFO  ]  10 girlSecondCousinOf             49 ||||||||||||                            
[2023-03-02 01:07:31 - INFO  ]  11 granddaughterOf               148 ||||||||||||||||||||||||||||||||||||    
[2023-03-02 01:07:31 - INFO  ]  12 grandfatherOf                 153 |||||||||||||||||||||||||||||||||||||   
[2023-03-02 01:07:31 - INFO  ]  13 grandmotherOf                 153 |||||||||||||||||||||||||||||||||||||   
[2023-03-02 01:07:31 - INFO  ]  14 grandsonOf                    158 ||||||||||||||||||||||||||||||||||||||| 
[2023-03-02 01:07:31 - INFO  ]  15 greatAuntOf                    70 |||||||||||||||||                       
[2023-03-02 01:07:31 - INFO  ]  16 greatGranddaughterOf          122 ||||||||||||||||||||||||||||||          
[2023-03-02 01:07:31 - INFO  ]  17 greatGrandfatherOf            117 |||||||||||||||||||||||||||||           
[2023-03-02 01:07:31 - INFO  ]  18 greatGrandmotherOf            117 |||||||||||||||||||||||||||||           
[2023-03-02 01:07:31 - INFO  ]  19 greatGrandsonOf               112 |||||||||||||||||||||||||||             
[2023-03-02 01:07:31 - INFO  ]  20 greatUncleOf                   64 ||||||||||||||||                        
[2023-03-02 01:07:31 - INFO  ]  21 motherOf                      165 ||||||||||||||||||||||||||||||||||||||||
[2023-03-02 01:07:31 - INFO  ]  22 nephewOf                      113 ||||||||||||||||||||||||||||            
[2023-03-02 01:07:31 - INFO  ]  23 nieceOf                        97 ||||||||||||||||||||||||                
[2023-03-02 01:07:31 - INFO  ]  24 parentOf                        0                                         
[2023-03-02 01:07:31 - INFO  ]  25 secondAuntOf                   38 ||||||||||                              
[2023-03-02 01:07:31 - INFO  ]  26 secondUncleOf                  63 ||||||||||||||||                        
[2023-03-02 01:07:31 - INFO  ]  27 sisterOf                      115 ||||||||||||||||||||||||||||            
[2023-03-02 01:07:31 - INFO  ]  28 sonOf                         166 ||||||||||||||||||||||||||||||||||||||||
[2023-03-02 01:07:31 - INFO  ]  29 uncleOf                       101 |||||||||||||||||||||||||               
[2023-03-02 01:07:31 - INFO  ]  
[2023-03-02 01:07:31 - INFO  ]  DISTRIBUTION OF NEGATIVE RELATION INFERENCES
[2023-03-02 01:07:31 - INFO  ]  
[2023-03-02 01:07:31 - INFO  ]   1 auntOf                        6757 ||||||||||||||||||||||||||||||||||||||||
[2023-03-02 01:07:31 - INFO  ]   2 boyCousinOf                   6790 ||||||||||||||||||||||||||||||||||||||||
[2023-03-02 01:07:31 - INFO  ]   3 boyFirstCousinOnceRemovedOf   6823 ||||||||||||||||||||||||||||||||||||||||
[2023-03-02 01:07:31 - INFO  ]   4 boySecondCousinOf             6825 ||||||||||||||||||||||||||||||||||||||||
[2023-03-02 01:07:31 - INFO  ]   5 brotherOf                     6737 ||||||||||||||||||||||||||||||||||||||||
[2023-03-02 01:07:31 - INFO  ]   6 daughterOf                    6702 ||||||||||||||||||||||||||||||||||||||||
[2023-03-02 01:07:31 - INFO  ]   7 fatherOf                      6701 ||||||||||||||||||||||||||||||||||||||||
[2023-03-02 01:07:31 - INFO  ]   8 girlCousinOf                  6800 ||||||||||||||||||||||||||||||||||||||||
[2023-03-02 01:07:31 - INFO  ]   9 girlFirstCousinOnceRemovedOf  6808 ||||||||||||||||||||||||||||||||||||||||
[2023-03-02 01:07:31 - INFO  ]  10 girlSecondCousinOf            6817 ||||||||||||||||||||||||||||||||||||||||
[2023-03-02 01:07:31 - INFO  ]  11 granddaughterOf               6718 ||||||||||||||||||||||||||||||||||||||||
[2023-03-02 01:07:31 - INFO  ]  12 grandfatherOf                 6713 ||||||||||||||||||||||||||||||||||||||||
[2023-03-02 01:07:31 - INFO  ]  13 grandmotherOf                 6713 ||||||||||||||||||||||||||||||||||||||||
[2023-03-02 01:07:31 - INFO  ]  14 grandsonOf                    6708 ||||||||||||||||||||||||||||||||||||||||
[2023-03-02 01:07:31 - INFO  ]  15 greatAuntOf                   6796 ||||||||||||||||||||||||||||||||||||||||
[2023-03-02 01:07:31 - INFO  ]  16 greatGranddaughterOf          6744 ||||||||||||||||||||||||||||||||||||||||
[2023-03-02 01:07:31 - INFO  ]  17 greatGrandfatherOf            6749 ||||||||||||||||||||||||||||||||||||||||
[2023-03-02 01:07:31 - INFO  ]  18 greatGrandmotherOf            6749 ||||||||||||||||||||||||||||||||||||||||
[2023-03-02 01:07:31 - INFO  ]  19 greatGrandsonOf               6754 ||||||||||||||||||||||||||||||||||||||||
[2023-03-02 01:07:31 - INFO  ]  20 greatUncleOf                  6802 ||||||||||||||||||||||||||||||||||||||||
[2023-03-02 01:07:31 - INFO  ]  21 motherOf                      6701 ||||||||||||||||||||||||||||||||||||||||
[2023-03-02 01:07:31 - INFO  ]  22 nephewOf                      6753 ||||||||||||||||||||||||||||||||||||||||
[2023-03-02 01:07:31 - INFO  ]  23 nieceOf                       6769 ||||||||||||||||||||||||||||||||||||||||
[2023-03-02 01:07:31 - INFO  ]  24 parentOf                      6536 ||||||||||||||||||||||||||||||||||||||| 
[2023-03-02 01:07:31 - INFO  ]  25 secondAuntOf                  6828 ||||||||||||||||||||||||||||||||||||||||
[2023-03-02 01:07:31 - INFO  ]  26 secondUncleOf                 6803 ||||||||||||||||||||||||||||||||||||||||
[2023-03-02 01:07:31 - INFO  ]  27 sisterOf                      6751 ||||||||||||||||||||||||||||||||||||||||
[2023-03-02 01:07:31 - INFO  ]  28 sonOf                         6700 ||||||||||||||||||||||||||||||||||||||||
[2023-03-02 01:07:31 - INFO  ]  29 uncleOf                       6765 ||||||||||||||||||||||||||||||||||||||||
